<?xml version="1.0" encoding="UTF-8"?>
<!-- Generated by org.testng.reporters.JUnitReportReporter -->
<testsuite skipped="0" hostname="LAPTOP-ALM46DIO" name="com.testRunner.TestRunnerSeleniumEasy" tests="1" failures="0" timestamp="30 Aug 2021 10:01:21 GMT" time="12.525" errors="0">
  <testcase name="runScenario" time="12.525" classname="com.testRunner.TestRunnerSeleniumEasy"/>
</testsuite> <!-- com.testRunner.TestRunnerSeleniumEasy -->
