<?xml version="1.0" encoding="UTF-8"?>
<!-- Generated by org.testng.reporters.JUnitReportReporter -->
<testsuite skipped="0" hostname="LAPTOP-ALM46DIO" name="com.testRunner.RunnerTest" tests="1" failures="0" timestamp="30 Aug 2021 09:56:49 GMT" time="12.425" errors="0">
  <testcase name="runScenario" time="12.425" classname="com.testRunner.RunnerTest"/>
</testsuite> <!-- com.testRunner.RunnerTest -->
