<?xml version="1.0" encoding="UTF-8"?>
<!-- Generated by org.testng.reporters.JUnitReportReporter -->
<testsuite skipped="0" hostname="LAPTOP-ALM46DIO" name="com.testRunner.SeleniumEasy" tests="1" failures="0" timestamp="30 Aug 2021 11:16:57 GMT" time="19.401" errors="0">
  <testcase name="runScenario" time="19.401" classname="com.testRunner.SeleniumEasy"/>
</testsuite> <!-- com.testRunner.SeleniumEasy -->
