<?xml version="1.0" encoding="UTF-8"?>
<!-- Generated by org.testng.reporters.JUnitReportReporter -->
<testsuite skipped="0" hostname="LAPTOP-ALM46DIO" name="com.testRunner.BDDTestRunner" tests="1" failures="0" timestamp="30 Aug 2021 10:00:21 GMT" time="11.130" errors="0">
  <testcase name="runScenario" time="11.130" classname="com.testRunner.BDDTestRunner"/>
</testsuite> <!-- com.testRunner.BDDTestRunner -->
